{"/opt/hawaii/workspace/hawaii-packages/packages/oidc-implicit-core/src/index.ts": {"path":"/opt/hawaii/workspace/hawaii-packages/packages/oidc-implicit-core/src/index.ts","statementMap":{"0":{"start":{"line":2,"column":0},"end":{"line":2,"column":48}},"1":{"start":{"line":5,"column":0},"end":{"line":5,"column":38}},"2":{"start":{"line":6,"column":0},"end":{"line":6,"column":42}},"3":{"start":{"line":7,"column":0},"end":{"line":7,"column":39}},"4":{"start":{"line":8,"column":0},"end":{"line":8,"column":40}},"5":{"start":{"line":11,"column":0},"end":{"line":11,"column":36}},"6":{"start":{"line":12,"column":0},"end":{"line":12,"column":38}},"7":{"start":{"line":13,"column":0},"end":{"line":13,"column":32}},"8":{"start":{"line":14,"column":0},"end":{"line":14,"column":34}},"9":{"start":{"line":15,"column":0},"end":{"line":15,"column":36}},"10":{"start":{"line":16,"column":0},"end":{"line":16,"column":34}},"11":{"start":{"line":17,"column":0},"end":{"line":17,"column":32}},"12":{"start":{"line":20,"column":0},"end":{"line":20,"column":41}},"13":{"start":{"line":21,"column":0},"end":{"line":21,"column":43}},"14":{"start":{"line":24,"column":0},"end":{"line":24,"column":9}},"15":{"start":{"line":24,"column":9},"end":{"line":24,"column":52}}},"fnMap":{"0":{"name":"(anonymous_5)","decl":{"start":{"line":24,"column":9},"end":{"line":24,"column":16}},"loc":{"start":{"line":24,"column":9},"end":{"line":24,"column":52}}}},"branchMap":{},"s":{"0":0,"1":0,"2":0,"3":0,"4":0,"5":0,"6":0,"7":0,"8":0,"9":0,"10":0,"11":0,"12":0,"13":0,"14":0,"15":0},"f":{"0":0},"b":{}}
,"/opt/hawaii/workspace/hawaii-packages/packages/oidc-implicit-core/src/constants/authorize.constants.ts": {"path":"/opt/hawaii/workspace/hawaii-packages/packages/oidc-implicit-core/src/constants/authorize.constants.ts","statementMap":{"0":{"start":{"line":3,"column":13},"end":{"line":16,"column":31}}},"fnMap":{},"branchMap":{},"s":{"0":0},"f":{},"b":{}}
,"/opt/hawaii/workspace/hawaii-packages/packages/oidc-implicit-core/src/services/config.service.ts": {"path":"/opt/hawaii/workspace/hawaii-packages/packages/oidc-implicit-core/src/services/config.service.ts","statementMap":{"0":{"start":{"line":7,"column":4},"end":{"line":7,"column":24}},"1":{"start":{"line":11,"column":4},"end":{"line":11,"column":25}},"2":{"start":{"line":15,"column":0},"end":{"line":15,"column":35}}},"fnMap":{"0":{"name":"(anonymous_0)","decl":{"start":{"line":6,"column":2},"end":{"line":6,"column":6}},"loc":{"start":{"line":6,"column":12},"end":{"line":8,"column":3}}},"1":{"name":"(anonymous_1)","decl":{"start":{"line":10,"column":2},"end":{"line":10,"column":6}},"loc":{"start":{"line":10,"column":30},"end":{"line":12,"column":3}}}},"branchMap":{},"s":{"0":0,"1":0,"2":0},"f":{"0":0,"1":0},"b":{}}
,"/opt/hawaii/workspace/hawaii-packages/packages/oidc-implicit-core/src/services/session.service.ts": {"path":"/opt/hawaii/workspace/hawaii-packages/packages/oidc-implicit-core/src/services/session.service.ts","statementMap":{"0":{"start":{"line":1,"column":0},"end":{"line":1,"column":51}},"1":{"start":{"line":2,"column":0},"end":{"line":2,"column":47}},"2":{"start":{"line":3,"column":0},"end":{"line":3,"column":47}},"3":{"start":{"line":4,"column":0},"end":{"line":4,"column":47}},"4":{"start":{"line":5,"column":0},"end":{"line":5,"column":43}},"5":{"start":{"line":6,"column":0},"end":{"line":6,"column":43}},"6":{"start":{"line":8,"column":0},"end":{"line":8,"column":51}},"7":{"start":{"line":9,"column":0},"end":{"line":9,"column":45}},"8":{"start":{"line":17,"column":4},"end":{"line":17,"column":38}},"9":{"start":{"line":18,"column":4},"end":{"line":18,"column":37}},"10":{"start":{"line":19,"column":4},"end":{"line":19,"column":28}},"11":{"start":{"line":20,"column":4},"end":{"line":20,"column":28}},"12":{"start":{"line":21,"column":4},"end":{"line":21,"column":34}},"13":{"start":{"line":22,"column":4},"end":{"line":22,"column":41}},"14":{"start":{"line":30,"column":4},"end":{"line":30,"column":53}},"15":{"start":{"line":32,"column":4},"end":{"line":55,"column":7}},"16":{"start":{"line":33,"column":18},"end":{"line":33,"column":38}},"17":{"start":{"line":35,"column":6},"end":{"line":41,"column":8}},"18":{"start":{"line":43,"column":6},"end":{"line":43,"column":33}},"19":{"start":{"line":45,"column":6},"end":{"line":53,"column":8}},"20":{"start":{"line":46,"column":8},"end":{"line":52,"column":null}},"21":{"start":{"line":47,"column":10},"end":{"line":51,"column":null}},"22":{"start":{"line":48,"column":12},"end":{"line":48,"column":44}},"23":{"start":{"line":50,"column":12},"end":{"line":50,"column":35}},"24":{"start":{"line":54,"column":6},"end":{"line":54,"column":17}},"25":{"start":{"line":65,"column":4},"end":{"line":65,"column":41}},"26":{"start":{"line":67,"column":28},"end":{"line":67,"column":60}},"27":{"start":{"line":68,"column":22},"end":{"line":68,"column":48}},"28":{"start":{"line":72,"column":4},"end":{"line":84,"column":null}},"29":{"start":{"line":73,"column":6},"end":{"line":76,"column":8}},"30":{"start":{"line":77,"column":6},"end":{"line":79,"column":57}},"31":{"start":{"line":82,"column":6},"end":{"line":82,"column":59}},"32":{"start":{"line":83,"column":6},"end":{"line":83,"column":74}},"33":{"start":{"line":93,"column":20},"end":{"line":96,"column":6}},"34":{"start":{"line":98,"column":4},"end":{"line":101,"column":6}},"35":{"start":{"line":104,"column":22},"end":{"line":104,"column":58}},"36":{"start":{"line":105,"column":4},"end":{"line":105,"column":100}},"37":{"start":{"line":127,"column":22},"end":{"line":127,"column":68}},"38":{"start":{"line":130,"column":23},"end":{"line":130,"column":56}},"39":{"start":{"line":134,"column":4},"end":{"line":137,"column":null}},"40":{"start":{"line":135,"column":6},"end":{"line":135,"column":55}},"41":{"start":{"line":136,"column":6},"end":{"line":136,"column":48}},"42":{"start":{"line":139,"column":31},"end":{"line":139,"column":78}},"43":{"start":{"line":142,"column":4},"end":{"line":144,"column":null}},"44":{"start":{"line":143,"column":6},"end":{"line":143,"column":42}},"45":{"start":{"line":146,"column":4},"end":{"line":146,"column":59}},"46":{"start":{"line":147,"column":4},"end":{"line":193,"column":7}},"47":{"start":{"line":149,"column":6},"end":{"line":157,"column":null}},"48":{"start":{"line":150,"column":8},"end":{"line":150,"column":45}},"49":{"start":{"line":151,"column":8},"end":{"line":151,"column":70}},"50":{"start":{"line":154,"column":8},"end":{"line":156,"column":13}},"51":{"start":{"line":160,"column":6},"end":{"line":164,"column":null}},"52":{"start":{"line":161,"column":8},"end":{"line":161,"column":60}},"53":{"start":{"line":162,"column":8},"end":{"line":162,"column":22}},"54":{"start":{"line":163,"column":8},"end":{"line":163,"column":15}},"55":{"start":{"line":168,"column":6},"end":{"line":192,"column":8}},"56":{"start":{"line":171,"column":10},"end":{"line":171,"column":59}},"57":{"start":{"line":173,"column":10},"end":{"line":189,"column":null}},"58":{"start":{"line":175,"column":12},"end":{"line":177,"column":69}},"59":{"start":{"line":177,"column":46},"end":{"line":177,"column":67}},"60":{"start":{"line":178,"column":17},"end":{"line":189,"column":null}},"61":{"start":{"line":180,"column":12},"end":{"line":180,"column":64}},"62":{"start":{"line":181,"column":12},"end":{"line":181,"column":72}},"63":{"start":{"line":184,"column":12},"end":{"line":186,"column":14}},"64":{"start":{"line":187,"column":12},"end":{"line":187,"column":47}},"65":{"start":{"line":188,"column":12},"end":{"line":188,"column":27}},"66":{"start":{"line":191,"column":19},"end":{"line":191,"column":32}},"67":{"start":{"line":198,"column":4},"end":{"line":215,"column":null}},"68":{"start":{"line":199,"column":6},"end":{"line":203,"column":8}},"69":{"start":{"line":207,"column":22},"end":{"line":207,"column":45}},"70":{"start":{"line":208,"column":22},"end":{"line":208,"column":46}},"71":{"start":{"line":210,"column":6},"end":{"line":210,"column":32}},"72":{"start":{"line":213,"column":6},"end":{"line":213,"column":40}},"73":{"start":{"line":214,"column":6},"end":{"line":214,"column":41}},"74":{"start":{"line":11,"column":0},"end":{"line":11,"column":13}}},"fnMap":{"0":{"name":"(anonymous_1)","decl":{"start":{"line":16,"column":2},"end":{"line":16,"column":8}},"loc":{"start":{"line":16,"column":28},"end":{"line":23,"column":3}}},"1":{"name":"(anonymous_2)","decl":{"start":{"line":29,"column":2},"end":{"line":29,"column":8}},"loc":{"start":{"line":29,"column":23},"end":{"line":56,"column":3}}},"2":{"name":"(anonymous_3)","decl":{"start":{"line":32,"column":43},"end":{"line":32,"column":44}},"loc":{"start":{"line":32,"column":63},"end":{"line":55,"column":5}}},"3":{"name":"(anonymous_4)","decl":{"start":{"line":45,"column":31},"end":{"line":45,"column":null}},"loc":{"start":{"line":45,"column":31},"end":{"line":53,"column":7}}},"4":{"name":"(anonymous_5)","decl":{"start":{"line":63,"column":2},"end":{"line":63,"column":8}},"loc":{"start":{"line":63,"column":26},"end":{"line":85,"column":3}}},"5":{"name":"(anonymous_6)","decl":{"start":{"line":92,"column":2},"end":{"line":92,"column":8}},"loc":{"start":{"line":92,"column":46},"end":{"line":106,"column":3}}},"6":{"name":"(anonymous_7)","decl":{"start":{"line":126,"column":2},"end":{"line":126,"column":8}},"loc":{"start":{"line":126,"column":21},"end":{"line":194,"column":3}}},"7":{"name":"(anonymous_8)","decl":{"start":{"line":147,"column":32},"end":{"line":147,"column":33}},"loc":{"start":{"line":147,"column":52},"end":{"line":193,"column":5}}},"8":{"name":"(anonymous_9)","decl":{"start":{"line":169,"column":8},"end":{"line":169,"column":9}},"loc":{"start":{"line":169,"column":33},"end":{"line":190,"column":9}}},"9":{"name":"(anonymous_10)","decl":{"start":{"line":177,"column":19},"end":{"line":177,"column":20}},"loc":{"start":{"line":177,"column":46},"end":{"line":177,"column":67}}},"10":{"name":"(anonymous_11)","decl":{"start":{"line":191,"column":8},"end":{"line":191,"column":9}},"loc":{"start":{"line":191,"column":19},"end":{"line":191,"column":32}}},"11":{"name":"(anonymous_12)","decl":{"start":{"line":196,"column":10},"end":{"line":196,"column":16}},"loc":{"start":{"line":196,"column":41},"end":{"line":216,"column":3}}}},"branchMap":{"0":{"loc":{"start":{"line":46,"column":8},"end":{"line":52,"column":null}},"type":"if","locations":[{"start":{"line":46,"column":8},"end":{"line":52,"column":null}},{"start":{"line":46,"column":8},"end":{"line":52,"column":null}}]},"1":{"loc":{"start":{"line":47,"column":10},"end":{"line":51,"column":null}},"type":"if","locations":[{"start":{"line":47,"column":10},"end":{"line":51,"column":null}},{"start":{"line":47,"column":10},"end":{"line":51,"column":null}}]},"2":{"loc":{"start":{"line":72,"column":4},"end":{"line":84,"column":null}},"type":"if","locations":[{"start":{"line":72,"column":4},"end":{"line":84,"column":null}},{"start":{"line":72,"column":4},"end":{"line":84,"column":null}}]},"3":{"loc":{"start":{"line":134,"column":4},"end":{"line":137,"column":null}},"type":"if","locations":[{"start":{"line":134,"column":4},"end":{"line":137,"column":null}},{"start":{"line":134,"column":4},"end":{"line":137,"column":null}}]},"4":{"loc":{"start":{"line":134,"column":8},"end":{"line":134,"column":21}},"type":"binary-expr","locations":[{"start":{"line":134,"column":8},"end":{"line":134,"column":21}},{"start":{"line":134,"column":25},"end":{"line":134,"column":76}}]},"5":{"loc":{"start":{"line":142,"column":4},"end":{"line":144,"column":null}},"type":"if","locations":[{"start":{"line":142,"column":4},"end":{"line":144,"column":null}},{"start":{"line":142,"column":4},"end":{"line":144,"column":null}}]},"6":{"loc":{"start":{"line":149,"column":6},"end":{"line":157,"column":null}},"type":"if","locations":[{"start":{"line":149,"column":6},"end":{"line":157,"column":null}},{"start":{"line":149,"column":6},"end":{"line":157,"column":null}}]},"7":{"loc":{"start":{"line":160,"column":6},"end":{"line":164,"column":null}},"type":"if","locations":[{"start":{"line":160,"column":6},"end":{"line":164,"column":null}},{"start":{"line":160,"column":6},"end":{"line":164,"column":null}}]},"8":{"loc":{"start":{"line":173,"column":10},"end":{"line":189,"column":null}},"type":"if","locations":[{"start":{"line":173,"column":10},"end":{"line":189,"column":null}},{"start":{"line":173,"column":10},"end":{"line":189,"column":null}}]},"9":{"loc":{"start":{"line":173,"column":14},"end":{"line":173,"column":45}},"type":"binary-expr","locations":[{"start":{"line":173,"column":14},"end":{"line":173,"column":45}},{"start":{"line":173,"column":49},"end":{"line":173,"column":73}}]},"10":{"loc":{"start":{"line":178,"column":17},"end":{"line":189,"column":null}},"type":"if","locations":[{"start":{"line":178,"column":17},"end":{"line":189,"column":null}},{"start":{"line":178,"column":17},"end":{"line":189,"column":null}}]},"11":{"loc":{"start":{"line":198,"column":4},"end":{"line":215,"column":null}},"type":"if","locations":[{"start":{"line":198,"column":4},"end":{"line":215,"column":null}},{"start":{"line":198,"column":4},"end":{"line":215,"column":null}}]}},"s":{"0":0,"1":0,"2":0,"3":0,"4":0,"5":0,"6":0,"7":0,"8":0,"9":0,"10":0,"11":0,"12":0,"13":0,"14":0,"15":0,"16":0,"17":0,"18":0,"19":0,"20":0,"21":0,"22":0,"23":0,"24":0,"25":0,"26":0,"27":0,"28":0,"29":0,"30":0,"31":0,"32":0,"33":0,"34":0,"35":0,"36":0,"37":0,"38":0,"39":0,"40":0,"41":0,"42":0,"43":0,"44":0,"45":0,"46":0,"47":0,"48":0,"49":0,"50":0,"51":0,"52":0,"53":0,"54":0,"55":0,"56":0,"57":0,"58":0,"59":0,"60":0,"61":0,"62":0,"63":0,"64":0,"65":0,"66":0,"67":0,"68":0,"69":0,"70":0,"71":0,"72":0,"73":0,"74":0},"f":{"0":0,"1":0,"2":0,"3":0,"4":0,"5":0,"6":0,"7":0,"8":0,"9":0,"10":0,"11":0},"b":{"0":[0,0],"1":[0,0],"2":[0,0],"3":[0,0],"4":[0,0],"5":[0,0],"6":[0,0],"7":[0,0],"8":[0,0],"9":[0,0],"10":[0,0],"11":[0,0]}}
,"/opt/hawaii/workspace/hawaii-packages/packages/oidc-implicit-core/src/services/token.service.ts": {"path":"/opt/hawaii/workspace/hawaii-packages/packages/oidc-implicit-core/src/services/token.service.ts","statementMap":{"0":{"start":{"line":1,"column":0},"end":{"line":1,"column":51}},"1":{"start":{"line":2,"column":0},"end":{"line":2,"column":43}},"2":{"start":{"line":4,"column":0},"end":{"line":4,"column":55}},"3":{"start":{"line":5,"column":0},"end":{"line":5,"column":45}},"4":{"start":{"line":14,"column":4},"end":{"line":14,"column":57}},"5":{"start":{"line":15,"column":4},"end":{"line":15,"column":33}},"6":{"start":{"line":25,"column":4},"end":{"line":31,"column":null}},"7":{"start":{"line":26,"column":20},"end":{"line":26,"column":48}},"8":{"start":{"line":27,"column":27},"end":{"line":28,"column":null}},"9":{"start":{"line":28,"column":8},"end":{"line":28,"column":23}},"10":{"start":{"line":30,"column":6},"end":{"line":30,"column":80}},"11":{"start":{"line":33,"column":4},"end":{"line":33,"column":79}},"12":{"start":{"line":42,"column":25},"end":{"line":43,"column":null}},"13":{"start":{"line":45,"column":4},"end":{"line":45,"column":42}},"14":{"start":{"line":54,"column":4},"end":{"line":54,"column":53}},"15":{"start":{"line":55,"column":4},"end":{"line":58,"column":6}},"16":{"start":{"line":72,"column":17},"end":{"line":72,"column":38}},"17":{"start":{"line":74,"column":4},"end":{"line":83,"column":null}},"18":{"start":{"line":75,"column":6},"end":{"line":77,"column":9}},"19":{"start":{"line":76,"column":8},"end":{"line":76,"column":61}},"20":{"start":{"line":79,"column":6},"end":{"line":82,"column":null}},"21":{"start":{"line":80,"column":8},"end":{"line":80,"column":60}},"22":{"start":{"line":81,"column":8},"end":{"line":81,"column":46}},"23":{"start":{"line":85,"column":4},"end":{"line":85,"column":29}},"24":{"start":{"line":94,"column":19},"end":{"line":94,"column":49}},"25":{"start":{"line":95,"column":26},"end":{"line":95,"column":65}},"26":{"start":{"line":98,"column":4},"end":{"line":101,"column":null}},"27":{"start":{"line":99,"column":6},"end":{"line":99,"column":55}},"28":{"start":{"line":100,"column":6},"end":{"line":100,"column":18}},"29":{"start":{"line":103,"column":4},"end":{"line":103,"column":28}},"30":{"start":{"line":119,"column":19},"end":{"line":119,"column":49}},"31":{"start":{"line":123,"column":4},"end":{"line":125,"column":null}},"32":{"start":{"line":124,"column":6},"end":{"line":124,"column":51}},"33":{"start":{"line":127,"column":4},"end":{"line":129,"column":18}},"34":{"start":{"line":130,"column":4},"end":{"line":130,"column":26}},"35":{"start":{"line":131,"column":4},"end":{"line":131,"column":60}},"36":{"start":{"line":132,"column":4},"end":{"line":132,"column":44}},"37":{"start":{"line":141,"column":4},"end":{"line":144,"column":6}},"38":{"start":{"line":152,"column":4},"end":{"line":152,"column":41}},"39":{"start":{"line":160,"column":4},"end":{"line":160,"column":61}},"40":{"start":{"line":161,"column":4},"end":{"line":161,"column":32}},"41":{"start":{"line":168,"column":4},"end":{"line":168,"column":55}},"42":{"start":{"line":170,"column":4},"end":{"line":185,"column":7}},"43":{"start":{"line":171,"column":18},"end":{"line":171,"column":38}},"44":{"start":{"line":173,"column":6},"end":{"line":173,"column":71}},"45":{"start":{"line":174,"column":6},"end":{"line":174,"column":33}},"46":{"start":{"line":175,"column":6},"end":{"line":183,"column":8}},"47":{"start":{"line":176,"column":8},"end":{"line":182,"column":null}},"48":{"start":{"line":177,"column":10},"end":{"line":181,"column":null}},"49":{"start":{"line":178,"column":12},"end":{"line":178,"column":63}},"50":{"start":{"line":180,"column":12},"end":{"line":180,"column":35}},"51":{"start":{"line":184,"column":6},"end":{"line":184,"column":17}},"52":{"start":{"line":7,"column":0},"end":{"line":7,"column":13}}},"fnMap":{"0":{"name":"(anonymous_1)","decl":{"start":{"line":13,"column":2},"end":{"line":13,"column":8}},"loc":{"start":{"line":13,"column":27},"end":{"line":16,"column":3}}},"1":{"name":"(anonymous_2)","decl":{"start":{"line":24,"column":2},"end":{"line":24,"column":8}},"loc":{"start":{"line":24,"column":50},"end":{"line":34,"column":3}}},"2":{"name":"(anonymous_3)","decl":{"start":{"line":27,"column":67},"end":{"line":27,"column":68}},"loc":{"start":{"line":28,"column":8},"end":{"line":28,"column":23}}},"3":{"name":"(anonymous_4)","decl":{"start":{"line":41,"column":10},"end":{"line":41,"column":16}},"loc":{"start":{"line":41,"column":32},"end":{"line":46,"column":3}}},"4":{"name":"(anonymous_5)","decl":{"start":{"line":53,"column":2},"end":{"line":53,"column":8}},"loc":{"start":{"line":53,"column":36},"end":{"line":59,"column":3}}},"5":{"name":"(anonymous_6)","decl":{"start":{"line":70,"column":2},"end":{"line":70,"column":8}},"loc":{"start":{"line":70,"column":49},"end":{"line":86,"column":3}}},"6":{"name":"(anonymous_7)","decl":{"start":{"line":75,"column":40},"end":{"line":75,"column":41}},"loc":{"start":{"line":75,"column":59},"end":{"line":77,"column":7}}},"7":{"name":"(anonymous_8)","decl":{"start":{"line":92,"column":2},"end":{"line":92,"column":8}},"loc":{"start":{"line":92,"column":23},"end":{"line":104,"column":3}}},"8":{"name":"(anonymous_9)","decl":{"start":{"line":118,"column":2},"end":{"line":118,"column":8}},"loc":{"start":{"line":118,"column":32},"end":{"line":133,"column":3}}},"9":{"name":"(anonymous_10)","decl":{"start":{"line":140,"column":2},"end":{"line":140,"column":8}},"loc":{"start":{"line":140,"column":44},"end":{"line":145,"column":3}}},"10":{"name":"(anonymous_11)","decl":{"start":{"line":151,"column":2},"end":{"line":151,"column":8}},"loc":{"start":{"line":151,"column":26},"end":{"line":153,"column":3}}},"11":{"name":"(anonymous_12)","decl":{"start":{"line":159,"column":2},"end":{"line":159,"column":8}},"loc":{"start":{"line":159,"column":30},"end":{"line":162,"column":3}}},"12":{"name":"(anonymous_13)","decl":{"start":{"line":167,"column":2},"end":{"line":167,"column":8}},"loc":{"start":{"line":167,"column":21},"end":{"line":186,"column":3}}},"13":{"name":"(anonymous_14)","decl":{"start":{"line":170,"column":34},"end":{"line":170,"column":35}},"loc":{"start":{"line":170,"column":54},"end":{"line":185,"column":5}}},"14":{"name":"(anonymous_15)","decl":{"start":{"line":175,"column":31},"end":{"line":175,"column":null}},"loc":{"start":{"line":175,"column":31},"end":{"line":183,"column":7}}}},"branchMap":{"0":{"loc":{"start":{"line":24,"column":34},"end":{"line":24,"column":50}},"type":"default-arg","locations":[{"start":{"line":24,"column":34},"end":{"line":24,"column":50}}]},"1":{"loc":{"start":{"line":25,"column":4},"end":{"line":31,"column":null}},"type":"if","locations":[{"start":{"line":25,"column":4},"end":{"line":31,"column":null}},{"start":{"line":25,"column":4},"end":{"line":31,"column":null}}]},"2":{"loc":{"start":{"line":30,"column":39},"end":{"line":30,"column":72}},"type":"cond-expr","locations":[{"start":{"line":30,"column":39},"end":{"line":30,"column":72}},{"start":{"line":30,"column":75},"end":{"line":30,"column":79}}]},"3":{"loc":{"start":{"line":45,"column":11},"end":{"line":45,"column":35}},"type":"binary-expr","locations":[{"start":{"line":45,"column":11},"end":{"line":45,"column":35}},{"start":{"line":45,"column":39},"end":{"line":45,"column":41}}]},"4":{"loc":{"start":{"line":74,"column":4},"end":{"line":83,"column":null}},"type":"if","locations":[{"start":{"line":74,"column":4},"end":{"line":83,"column":null}},{"start":{"line":74,"column":4},"end":{"line":83,"column":null}}]},"5":{"loc":{"start":{"line":76,"column":15},"end":{"line":76,"column":30}},"type":"binary-expr","locations":[{"start":{"line":76,"column":15},"end":{"line":76,"column":30}},{"start":{"line":76,"column":34},"end":{"line":76,"column":60}}]},"6":{"loc":{"start":{"line":79,"column":6},"end":{"line":82,"column":null}},"type":"if","locations":[{"start":{"line":79,"column":6},"end":{"line":82,"column":null}},{"start":{"line":79,"column":6},"end":{"line":82,"column":null}}]},"7":{"loc":{"start":{"line":85,"column":11},"end":{"line":85,"column":22}},"type":"binary-expr","locations":[{"start":{"line":85,"column":11},"end":{"line":85,"column":22}},{"start":{"line":85,"column":26},"end":{"line":85,"column":28}}]},"8":{"loc":{"start":{"line":98,"column":4},"end":{"line":101,"column":null}},"type":"if","locations":[{"start":{"line":98,"column":4},"end":{"line":101,"column":null}},{"start":{"line":98,"column":4},"end":{"line":101,"column":null}}]},"9":{"loc":{"start":{"line":123,"column":4},"end":{"line":125,"column":null}},"type":"if","locations":[{"start":{"line":123,"column":4},"end":{"line":125,"column":null}},{"start":{"line":123,"column":4},"end":{"line":125,"column":null}}]},"10":{"loc":{"start":{"line":128,"column":8},"end":{"line":128,"column":69}},"type":"cond-expr","locations":[{"start":{"line":128,"column":8},"end":{"line":128,"column":69}},{"start":{"line":129,"column":8},"end":{"line":129,"column":17}}]},"11":{"loc":{"start":{"line":176,"column":8},"end":{"line":182,"column":null}},"type":"if","locations":[{"start":{"line":176,"column":8},"end":{"line":182,"column":null}},{"start":{"line":176,"column":8},"end":{"line":182,"column":null}}]},"12":{"loc":{"start":{"line":177,"column":10},"end":{"line":181,"column":null}},"type":"if","locations":[{"start":{"line":177,"column":10},"end":{"line":181,"column":null}},{"start":{"line":177,"column":10},"end":{"line":181,"column":null}}]}},"s":{"0":0,"1":0,"2":0,"3":0,"4":0,"5":0,"6":0,"7":0,"8":0,"9":0,"10":0,"11":0,"12":0,"13":0,"14":0,"15":0,"16":0,"17":0,"18":0,"19":0,"20":0,"21":0,"22":0,"23":0,"24":0,"25":0,"26":0,"27":0,"28":0,"29":0,"30":0,"31":0,"32":0,"33":0,"34":0,"35":0,"36":0,"37":0,"38":0,"39":0,"40":0,"41":0,"42":0,"43":0,"44":0,"45":0,"46":0,"47":0,"48":0,"49":0,"50":0,"51":0,"52":0},"f":{"0":0,"1":0,"2":0,"3":0,"4":0,"5":0,"6":0,"7":0,"8":0,"9":0,"10":0,"11":0,"12":0,"13":0,"14":0},"b":{"0":[0],"1":[0,0],"2":[0,0],"3":[0,0],"4":[0,0],"5":[0,0],"6":[0,0],"7":[0,0],"8":[0,0],"9":[0,0],"10":[0,0],"11":[0,0],"12":[0,0]}}
,"/opt/hawaii/workspace/hawaii-packages/packages/oidc-implicit-core/src/utils/generatorUtil.ts": {"path":"/opt/hawaii/workspace/hawaii-packages/packages/oidc-implicit-core/src/utils/generatorUtil.ts","statementMap":{"0":{"start":{"line":7,"column":4},"end":{"line":7,"column":53}},"1":{"start":{"line":16,"column":15},"end":{"line":16,"column":17}},"2":{"start":{"line":17,"column":21},"end":{"line":17,"column":33}},"3":{"start":{"line":19,"column":4},"end":{"line":30,"column":null}},"4":{"start":{"line":19,"column":17},"end":{"line":19,"column":18}},"5":{"start":{"line":20,"column":6},"end":{"line":23,"column":null}},"6":{"start":{"line":20,"column":19},"end":{"line":20,"column":20}},"7":{"start":{"line":21,"column":8},"end":{"line":21,"column":77}},"8":{"start":{"line":22,"column":8},"end":{"line":22,"column":15}},"9":{"start":{"line":24,"column":6},"end":{"line":24,"column":18}},"10":{"start":{"line":25,"column":6},"end":{"line":28,"column":null}},"11":{"start":{"line":25,"column":19},"end":{"line":25,"column":20}},"12":{"start":{"line":26,"column":8},"end":{"line":26,"column":77}},"13":{"start":{"line":27,"column":8},"end":{"line":27,"column":15}},"14":{"start":{"line":29,"column":6},"end":{"line":29,"column":13}},"15":{"start":{"line":31,"column":4},"end":{"line":31,"column":16}},"16":{"start":{"line":39,"column":15},"end":{"line":39,"column":17}},"17":{"start":{"line":40,"column":21},"end":{"line":40,"column":85}},"18":{"start":{"line":42,"column":4},"end":{"line":45,"column":null}},"19":{"start":{"line":42,"column":17},"end":{"line":42,"column":18}},"20":{"start":{"line":43,"column":6},"end":{"line":43,"column":75}},"21":{"start":{"line":44,"column":6},"end":{"line":44,"column":13}},"22":{"start":{"line":46,"column":4},"end":{"line":46,"column":16}},"23":{"start":{"line":1,"column":0},"end":{"line":1,"column":13}}},"fnMap":{"0":{"name":"(anonymous_0)","decl":{"start":{"line":6,"column":2},"end":{"line":6,"column":8}},"loc":{"start":{"line":6,"column":14},"end":{"line":8,"column":3}}},"1":{"name":"(anonymous_1)","decl":{"start":{"line":14,"column":2},"end":{"line":14,"column":8}},"loc":{"start":{"line":14,"column":22},"end":{"line":32,"column":3}}},"2":{"name":"(anonymous_2)","decl":{"start":{"line":38,"column":2},"end":{"line":38,"column":8}},"loc":{"start":{"line":38,"column":22},"end":{"line":47,"column":3}}}},"branchMap":{},"s":{"0":0,"1":0,"2":0,"3":0,"4":0,"5":0,"6":0,"7":0,"8":0,"9":0,"10":0,"11":0,"12":0,"13":0,"14":0,"15":0,"16":0,"17":0,"18":0,"19":0,"20":0,"21":0,"22":0,"23":0},"f":{"0":0,"1":0,"2":0},"b":{}}
,"/opt/hawaii/workspace/hawaii-packages/packages/oidc-implicit-core/src/utils/logUtil.ts": {"path":"/opt/hawaii/workspace/hawaii-packages/packages/oidc-implicit-core/src/utils/logUtil.ts","statementMap":{"0":{"start":{"line":1,"column":0},"end":{"line":1,"column":55}},"1":{"start":{"line":6,"column":4},"end":{"line":6,"column":51}},"2":{"start":{"line":10,"column":4},"end":{"line":10,"column":52}},"3":{"start":{"line":14,"column":4},"end":{"line":14,"column":52}},"4":{"start":{"line":18,"column":4},"end":{"line":18,"column":53}},"5":{"start":{"line":23,"column":4},"end":{"line":29,"column":null}},"6":{"start":{"line":24,"column":6},"end":{"line":26,"column":null}},"7":{"start":{"line":25,"column":8},"end":{"line":25,"column":106}},"8":{"start":{"line":28,"column":6},"end":{"line":28,"column":104}},"9":{"start":{"line":3,"column":0},"end":{"line":3,"column":13}}},"fnMap":{"0":{"name":"(anonymous_1)","decl":{"start":{"line":5,"column":2},"end":{"line":5,"column":8}},"loc":{"start":{"line":5,"column":55},"end":{"line":7,"column":3}}},"1":{"name":"(anonymous_2)","decl":{"start":{"line":9,"column":2},"end":{"line":9,"column":8}},"loc":{"start":{"line":9,"column":54},"end":{"line":11,"column":3}}},"2":{"name":"(anonymous_3)","decl":{"start":{"line":13,"column":2},"end":{"line":13,"column":8}},"loc":{"start":{"line":13,"column":54},"end":{"line":15,"column":3}}},"3":{"name":"(anonymous_4)","decl":{"start":{"line":17,"column":2},"end":{"line":17,"column":8}},"loc":{"start":{"line":17,"column":55},"end":{"line":19,"column":3}}},"4":{"name":"(anonymous_5)","decl":{"start":{"line":21,"column":10},"end":{"line":21,"column":16}},"loc":{"start":{"line":21,"column":106},"end":{"line":31,"column":3}}}},"branchMap":{"0":{"loc":{"start":{"line":23,"column":4},"end":{"line":29,"column":null}},"type":"if","locations":[{"start":{"line":23,"column":4},"end":{"line":29,"column":null}},{"start":{"line":23,"column":4},"end":{"line":29,"column":null}}]},"1":{"loc":{"start":{"line":24,"column":6},"end":{"line":26,"column":null}},"type":"if","locations":[{"start":{"line":24,"column":6},"end":{"line":26,"column":null}},{"start":{"line":24,"column":6},"end":{"line":26,"column":null}}]},"2":{"loc":{"start":{"line":25,"column":41},"end":{"line":25,"column":81}},"type":"cond-expr","locations":[{"start":{"line":25,"column":41},"end":{"line":25,"column":81}},{"start":{"line":25,"column":84},"end":{"line":25,"column":105}}]},"3":{"loc":{"start":{"line":28,"column":39},"end":{"line":28,"column":79}},"type":"cond-expr","locations":[{"start":{"line":28,"column":39},"end":{"line":28,"column":79}},{"start":{"line":28,"column":82},"end":{"line":28,"column":103}}]}},"s":{"0":0,"1":0,"2":0,"3":0,"4":0,"5":0,"6":0,"7":0,"8":0,"9":0},"f":{"0":0,"1":0,"2":0,"3":0,"4":0},"b":{"0":[0,0],"1":[0,0],"2":[0,0],"3":[0,0]}}
,"/opt/hawaii/workspace/hawaii-packages/packages/oidc-implicit-core/src/utils/nonceUtil.ts": {"path":"/opt/hawaii/workspace/hawaii-packages/packages/oidc-implicit-core/src/utils/nonceUtil.ts","statementMap":{"0":{"start":{"line":1,"column":0},"end":{"line":1,"column":44}},"1":{"start":{"line":2,"column":0},"end":{"line":2,"column":55}},"2":{"start":{"line":11,"column":4},"end":{"line":11,"column":71}},"3":{"start":{"line":20,"column":4},"end":{"line":20,"column":72}},"4":{"start":{"line":28,"column":4},"end":{"line":28,"column":33}},"5":{"start":{"line":4,"column":0},"end":{"line":4,"column":13}}},"fnMap":{"0":{"name":"(anonymous_1)","decl":{"start":{"line":10,"column":2},"end":{"line":10,"column":8}},"loc":{"start":{"line":10,"column":17},"end":{"line":12,"column":3}}},"1":{"name":"(anonymous_2)","decl":{"start":{"line":19,"column":2},"end":{"line":19,"column":8}},"loc":{"start":{"line":19,"column":32},"end":{"line":21,"column":3}}},"2":{"name":"(anonymous_3)","decl":{"start":{"line":27,"column":2},"end":{"line":27,"column":8}},"loc":{"start":{"line":27,"column":20},"end":{"line":29,"column":3}}}},"branchMap":{},"s":{"0":0,"1":0,"2":0,"3":0,"4":0,"5":0},"f":{"0":0,"1":0,"2":0},"b":{}}
,"/opt/hawaii/workspace/hawaii-packages/packages/oidc-implicit-core/src/utils/sessionUtil.ts": {"path":"/opt/hawaii/workspace/hawaii-packages/packages/oidc-implicit-core/src/utils/sessionUtil.ts","statementMap":{"0":{"start":{"line":3,"column":0},"end":{"line":3,"column":40}},"1":{"start":{"line":4,"column":0},"end":{"line":4,"column":36}},"2":{"start":{"line":5,"column":0},"end":{"line":5,"column":36}},"3":{"start":{"line":6,"column":0},"end":{"line":6,"column":40}},"4":{"start":{"line":7,"column":0},"end":{"line":7,"column":57}},"5":{"start":{"line":8,"column":0},"end":{"line":8,"column":44}},"6":{"start":{"line":10,"column":0},"end":{"line":10,"column":48}},"7":{"start":{"line":11,"column":0},"end":{"line":11,"column":55}},"8":{"start":{"line":21,"column":4},"end":{"line":21,"column":76}},"9":{"start":{"line":30,"column":4},"end":{"line":30,"column":81}},"10":{"start":{"line":38,"column":4},"end":{"line":38,"column":38}},"11":{"start":{"line":46,"column":4},"end":{"line":46,"column":55}},"12":{"start":{"line":57,"column":17},"end":{"line":61,"column":6}},"13":{"start":{"line":63,"column":4},"end":{"line":63,"column":66}},"14":{"start":{"line":65,"column":4},"end":{"line":83,"column":7}},"15":{"start":{"line":66,"column":18},"end":{"line":66,"column":38}},"16":{"start":{"line":68,"column":6},"end":{"line":68,"column":75}},"17":{"start":{"line":70,"column":6},"end":{"line":70,"column":33}},"18":{"start":{"line":71,"column":6},"end":{"line":71,"column":63}},"19":{"start":{"line":73,"column":6},"end":{"line":81,"column":8}},"20":{"start":{"line":74,"column":8},"end":{"line":80,"column":null}},"21":{"start":{"line":75,"column":10},"end":{"line":79,"column":null}},"22":{"start":{"line":76,"column":12},"end":{"line":76,"column":50}},"23":{"start":{"line":78,"column":12},"end":{"line":78,"column":35}},"24":{"start":{"line":82,"column":6},"end":{"line":82,"column":37}},"25":{"start":{"line":92,"column":4},"end":{"line":101,"column":7}},"26":{"start":{"line":93,"column":6},"end":{"line":100,"column":null}},"27":{"start":{"line":94,"column":8},"end":{"line":97,"column":13}},"28":{"start":{"line":96,"column":12},"end":{"line":96,"column":26}},"29":{"start":{"line":99,"column":8},"end":{"line":99,"column":23}},"30":{"start":{"line":111,"column":4},"end":{"line":111,"column":79}},"31":{"start":{"line":113,"column":4},"end":{"line":149,"column":7}},"32":{"start":{"line":114,"column":23},"end":{"line":114,"column":43}},"33":{"start":{"line":117,"column":6},"end":{"line":148,"column":null}},"34":{"start":{"line":118,"column":8},"end":{"line":118,"column":106}},"35":{"start":{"line":121,"column":8},"end":{"line":143,"column":12}},"36":{"start":{"line":124,"column":49},"end":{"line":124,"column":57}},"37":{"start":{"line":125,"column":14},"end":{"line":125,"column":72}},"38":{"start":{"line":128,"column":14},"end":{"line":128,"column":58}},"39":{"start":{"line":131,"column":14},"end":{"line":131,"column":70}},"40":{"start":{"line":134,"column":14},"end":{"line":134,"column":74}},"41":{"start":{"line":135,"column":14},"end":{"line":135,"column":28}},"42":{"start":{"line":139,"column":14},"end":{"line":139,"column":61}},"43":{"start":{"line":140,"column":14},"end":{"line":140,"column":69}},"44":{"start":{"line":141,"column":14},"end":{"line":141,"column":29}},"45":{"start":{"line":145,"column":8},"end":{"line":145,"column":55}},"46":{"start":{"line":146,"column":8},"end":{"line":146,"column":41}},"47":{"start":{"line":147,"column":8},"end":{"line":147,"column":23}},"48":{"start":{"line":157,"column":4},"end":{"line":255,"column":7}},"49":{"start":{"line":158,"column":6},"end":{"line":158,"column":46}},"50":{"start":{"line":160,"column":6},"end":{"line":163,"column":null}},"51":{"start":{"line":161,"column":8},"end":{"line":161,"column":23}},"52":{"start":{"line":162,"column":8},"end":{"line":162,"column":15}},"53":{"start":{"line":169,"column":21},"end":{"line":169,"column":53}},"54":{"start":{"line":175,"column":30},"end":{"line":175,"column":66}},"55":{"start":{"line":181,"column":24},"end":{"line":181,"column":50}},"56":{"start":{"line":187,"column":6},"end":{"line":187,"column":51}},"57":{"start":{"line":193,"column":6},"end":{"line":193,"column":36}},"58":{"start":{"line":200,"column":6},"end":{"line":207,"column":null}},"59":{"start":{"line":201,"column":8},"end":{"line":201,"column":49}},"60":{"start":{"line":202,"column":8},"end":{"line":202,"column":90}},"61":{"start":{"line":203,"column":8},"end":{"line":203,"column":114}},"62":{"start":{"line":205,"column":8},"end":{"line":205,"column":91}},"63":{"start":{"line":206,"column":8},"end":{"line":206,"column":23}},"64":{"start":{"line":212,"column":6},"end":{"line":254,"column":8}},"65":{"start":{"line":213,"column":8},"end":{"line":213,"column":62}},"66":{"start":{"line":219,"column":35},"end":{"line":220,"column":null}},"67":{"start":{"line":226,"column":8},"end":{"line":229,"column":null}},"68":{"start":{"line":227,"column":10},"end":{"line":227,"column":88}},"69":{"start":{"line":228,"column":10},"end":{"line":228,"column":46}},"70":{"start":{"line":234,"column":8},"end":{"line":248,"column":null}},"71":{"start":{"line":235,"column":10},"end":{"line":235,"column":90}},"72":{"start":{"line":240,"column":10},"end":{"line":241,"column":68}},"73":{"start":{"line":241,"column":45},"end":{"line":241,"column":66}},"74":{"start":{"line":246,"column":10},"end":{"line":246,"column":71}},"75":{"start":{"line":247,"column":10},"end":{"line":247,"column":25}},"76":{"start":{"line":253,"column":8},"end":{"line":253,"column":70}},"77":{"start":{"line":253,"column":25},"end":{"line":253,"column":65}},"78":{"start":{"line":267,"column":4},"end":{"line":337,"column":7}},"79":{"start":{"line":268,"column":6},"end":{"line":268,"column":52}},"80":{"start":{"line":270,"column":53},"end":{"line":270,"column":98}},"81":{"start":{"line":272,"column":6},"end":{"line":276,"column":null}},"82":{"start":{"line":273,"column":8},"end":{"line":273,"column":79}},"83":{"start":{"line":274,"column":8},"end":{"line":274,"column":23}},"84":{"start":{"line":275,"column":8},"end":{"line":275,"column":15}},"85":{"start":{"line":279,"column":21},"end":{"line":279,"column":50}},"86":{"start":{"line":282,"column":6},"end":{"line":295,"column":8}},"87":{"start":{"line":284,"column":39},"end":{"line":284,"column":47}},"88":{"start":{"line":286,"column":10},"end":{"line":288,"column":12}},"89":{"start":{"line":289,"column":10},"end":{"line":289,"column":114}},"90":{"start":{"line":292,"column":10},"end":{"line":292,"column":40}},"91":{"start":{"line":293,"column":10},"end":{"line":293,"column":25}},"92":{"start":{"line":300,"column":6},"end":{"line":336,"column":8}},"93":{"start":{"line":301,"column":8},"end":{"line":301,"column":71}},"94":{"start":{"line":303,"column":22},"end":{"line":303,"column":26}},"95":{"start":{"line":304,"column":25},"end":{"line":304,"column":27}},"96":{"start":{"line":306,"column":30},"end":{"line":335,"column":19}},"97":{"start":{"line":308,"column":12},"end":{"line":308,"column":41}},"98":{"start":{"line":310,"column":12},"end":{"line":320,"column":null}},"99":{"start":{"line":311,"column":14},"end":{"line":315,"column":16}},"100":{"start":{"line":317,"column":14},"end":{"line":317,"column":43}},"101":{"start":{"line":318,"column":14},"end":{"line":318,"column":54}},"102":{"start":{"line":319,"column":14},"end":{"line":319,"column":29}},"103":{"start":{"line":322,"column":37},"end":{"line":322,"column":71}},"104":{"start":{"line":323,"column":12},"end":{"line":333,"column":null}},"105":{"start":{"line":324,"column":14},"end":{"line":328,"column":16}},"106":{"start":{"line":330,"column":14},"end":{"line":330,"column":43}},"107":{"start":{"line":331,"column":14},"end":{"line":331,"column":54}},"108":{"start":{"line":332,"column":14},"end":{"line":332,"column":28}},"109":{"start":{"line":349,"column":38},"end":{"line":349,"column":70}},"110":{"start":{"line":354,"column":4},"end":{"line":354,"column":37}},"111":{"start":{"line":359,"column":4},"end":{"line":359,"column":34}},"112":{"start":{"line":367,"column":4},"end":{"line":367,"column":45}},"113":{"start":{"line":369,"column":4},"end":{"line":369,"column":18}},"114":{"start":{"line":377,"column":4},"end":{"line":377,"column":45}},"115":{"start":{"line":387,"column":21},"end":{"line":390,"column":6}},"116":{"start":{"line":392,"column":37},"end":{"line":403,"column":6}},"117":{"start":{"line":406,"column":4},"end":{"line":406,"column":34}},"118":{"start":{"line":407,"column":4},"end":{"line":407,"column":39}},"119":{"start":{"line":409,"column":4},"end":{"line":409,"column":58}},"120":{"start":{"line":410,"column":4},"end":{"line":410,"column":19}},"121":{"start":{"line":13,"column":0},"end":{"line":13,"column":13}}},"fnMap":{"0":{"name":"(anonymous_1)","decl":{"start":{"line":20,"column":2},"end":{"line":20,"column":8}},"loc":{"start":{"line":20,"column":21},"end":{"line":22,"column":3}}},"1":{"name":"(anonymous_2)","decl":{"start":{"line":29,"column":2},"end":{"line":29,"column":8}},"loc":{"start":{"line":29,"column":40},"end":{"line":31,"column":3}}},"2":{"name":"(anonymous_3)","decl":{"start":{"line":37,"column":2},"end":{"line":37,"column":8}},"loc":{"start":{"line":37,"column":24},"end":{"line":39,"column":3}}},"3":{"name":"(anonymous_4)","decl":{"start":{"line":45,"column":2},"end":{"line":45,"column":8}},"loc":{"start":{"line":45,"column":35},"end":{"line":47,"column":3}}},"4":{"name":"(anonymous_5)","decl":{"start":{"line":56,"column":2},"end":{"line":56,"column":8}},"loc":{"start":{"line":56,"column":40},"end":{"line":84,"column":3}}},"5":{"name":"(anonymous_6)","decl":{"start":{"line":65,"column":37},"end":{"line":65,"column":38}},"loc":{"start":{"line":65,"column":57},"end":{"line":83,"column":5}}},"6":{"name":"(anonymous_7)","decl":{"start":{"line":73,"column":31},"end":{"line":73,"column":null}},"loc":{"start":{"line":73,"column":31},"end":{"line":81,"column":7}}},"7":{"name":"(anonymous_8)","decl":{"start":{"line":91,"column":2},"end":{"line":91,"column":8}},"loc":{"start":{"line":91,"column":91},"end":{"line":102,"column":3}}},"8":{"name":"(anonymous_9)","decl":{"start":{"line":92,"column":23},"end":{"line":92,"column":24}},"loc":{"start":{"line":92,"column":35},"end":{"line":101,"column":5}}},"9":{"name":"(anonymous_10)","decl":{"start":{"line":95,"column":16},"end":{"line":95,"column":19}},"loc":{"start":{"line":95,"column":21},"end":{"line":97,"column":11}}},"10":{"name":"(anonymous_11)","decl":{"start":{"line":110,"column":2},"end":{"line":110,"column":8}},"loc":{"start":{"line":110,"column":45},"end":{"line":150,"column":3}}},"11":{"name":"(anonymous_12)","decl":{"start":{"line":113,"column":32},"end":{"line":113,"column":33}},"loc":{"start":{"line":113,"column":44},"end":{"line":149,"column":5}}},"12":{"name":"(anonymous_13)","decl":{"start":{"line":123,"column":12},"end":{"line":123,"column":13}},"loc":{"start":{"line":123,"column":39},"end":{"line":136,"column":13}}},"13":{"name":"(anonymous_14)","decl":{"start":{"line":138,"column":12},"end":{"line":138,"column":13}},"loc":{"start":{"line":138,"column":22},"end":{"line":142,"column":13}}},"14":{"name":"(anonymous_15)","decl":{"start":{"line":156,"column":2},"end":{"line":156,"column":8}},"loc":{"start":{"line":156,"column":33},"end":{"line":256,"column":3}}},"15":{"name":"(anonymous_16)","decl":{"start":{"line":157,"column":32},"end":{"line":157,"column":33}},"loc":{"start":{"line":157,"column":44},"end":{"line":255,"column":5}}},"16":{"name":"(anonymous_17)","decl":{"start":{"line":212,"column":22},"end":{"line":212,"column":25}},"loc":{"start":{"line":212,"column":27},"end":{"line":254,"column":7}}},"17":{"name":"(anonymous_18)","decl":{"start":{"line":241,"column":18},"end":{"line":241,"column":19}},"loc":{"start":{"line":241,"column":45},"end":{"line":241,"column":66}}},"18":{"name":"(anonymous_19)","decl":{"start":{"line":253,"column":19},"end":{"line":253,"column":22}},"loc":{"start":{"line":253,"column":25},"end":{"line":253,"column":65}}},"19":{"name":"(anonymous_20)","decl":{"start":{"line":266,"column":2},"end":{"line":266,"column":8}},"loc":{"start":{"line":266,"column":71},"end":{"line":338,"column":3}}},"20":{"name":"(anonymous_21)","decl":{"start":{"line":267,"column":32},"end":{"line":267,"column":33}},"loc":{"start":{"line":267,"column":44},"end":{"line":337,"column":5}}},"21":{"name":"(anonymous_22)","decl":{"start":{"line":283,"column":8},"end":{"line":283,"column":9}},"loc":{"start":{"line":283,"column":32},"end":{"line":290,"column":9}}},"22":{"name":"(anonymous_23)","decl":{"start":{"line":291,"column":8},"end":{"line":291,"column":11}},"loc":{"start":{"line":291,"column":13},"end":{"line":294,"column":9}}},"23":{"name":"(anonymous_24)","decl":{"start":{"line":300,"column":22},"end":{"line":300,"column":25}},"loc":{"start":{"line":300,"column":27},"end":{"line":336,"column":7}}},"24":{"name":"(anonymous_25)","decl":{"start":{"line":307,"column":10},"end":{"line":307,"column":13}},"loc":{"start":{"line":307,"column":15},"end":{"line":334,"column":11}}},"25":{"name":"(anonymous_26)","decl":{"start":{"line":344,"column":2},"end":{"line":344,"column":8}},"loc":{"start":{"line":344,"column":24},"end":{"line":370,"column":3}}},"26":{"name":"(anonymous_27)","decl":{"start":{"line":376,"column":2},"end":{"line":376,"column":8}},"loc":{"start":{"line":376,"column":54},"end":{"line":378,"column":3}}},"27":{"name":"(anonymous_28)","decl":{"start":{"line":385,"column":2},"end":{"line":385,"column":8}},"loc":{"start":{"line":385,"column":46},"end":{"line":411,"column":3}}}},"branchMap":{"0":{"loc":{"start":{"line":74,"column":8},"end":{"line":80,"column":null}},"type":"if","locations":[{"start":{"line":74,"column":8},"end":{"line":80,"column":null}},{"start":{"line":74,"column":8},"end":{"line":80,"column":null}}]},"1":{"loc":{"start":{"line":75,"column":10},"end":{"line":79,"column":null}},"type":"if","locations":[{"start":{"line":75,"column":10},"end":{"line":79,"column":null}},{"start":{"line":75,"column":10},"end":{"line":79,"column":null}}]},"2":{"loc":{"start":{"line":91,"column":74},"end":{"line":91,"column":77}},"type":"default-arg","locations":[{"start":{"line":91,"column":74},"end":{"line":91,"column":77}}]},"3":{"loc":{"start":{"line":93,"column":6},"end":{"line":100,"column":null}},"type":"if","locations":[{"start":{"line":93,"column":6},"end":{"line":100,"column":null}},{"start":{"line":93,"column":6},"end":{"line":100,"column":null}}]},"4":{"loc":{"start":{"line":93,"column":10},"end":{"line":93,"column":23}},"type":"binary-expr","locations":[{"start":{"line":93,"column":10},"end":{"line":93,"column":23}},{"start":{"line":93,"column":27},"end":{"line":93,"column":109}}]},"5":{"loc":{"start":{"line":117,"column":6},"end":{"line":148,"column":null}},"type":"if","locations":[{"start":{"line":117,"column":6},"end":{"line":148,"column":null}},{"start":{"line":117,"column":6},"end":{"line":148,"column":null}}]},"6":{"loc":{"start":{"line":117,"column":10},"end":{"line":117,"column":18}},"type":"binary-expr","locations":[{"start":{"line":117,"column":10},"end":{"line":117,"column":18}},{"start":{"line":117,"column":22},"end":{"line":117,"column":65}}]},"7":{"loc":{"start":{"line":160,"column":6},"end":{"line":163,"column":null}},"type":"if","locations":[{"start":{"line":160,"column":6},"end":{"line":163,"column":null}},{"start":{"line":160,"column":6},"end":{"line":163,"column":null}}]},"8":{"loc":{"start":{"line":200,"column":6},"end":{"line":207,"column":null}},"type":"if","locations":[{"start":{"line":200,"column":6},"end":{"line":207,"column":null}},{"start":{"line":200,"column":6},"end":{"line":207,"column":null}}]},"9":{"loc":{"start":{"line":226,"column":8},"end":{"line":229,"column":null}},"type":"if","locations":[{"start":{"line":226,"column":8},"end":{"line":229,"column":null}},{"start":{"line":226,"column":8},"end":{"line":229,"column":null}}]},"10":{"loc":{"start":{"line":234,"column":8},"end":{"line":248,"column":null}},"type":"if","locations":[{"start":{"line":234,"column":8},"end":{"line":248,"column":null}},{"start":{"line":234,"column":8},"end":{"line":248,"column":null}}]},"11":{"loc":{"start":{"line":234,"column":12},"end":{"line":234,"column":43}},"type":"binary-expr","locations":[{"start":{"line":234,"column":12},"end":{"line":234,"column":43}},{"start":{"line":234,"column":47},"end":{"line":234,"column":71}}]},"12":{"loc":{"start":{"line":266,"column":33},"end":{"line":266,"column":71}},"type":"default-arg","locations":[{"start":{"line":266,"column":33},"end":{"line":266,"column":71}}]},"13":{"loc":{"start":{"line":272,"column":6},"end":{"line":276,"column":null}},"type":"if","locations":[{"start":{"line":272,"column":6},"end":{"line":276,"column":null}},{"start":{"line":272,"column":6},"end":{"line":276,"column":null}}]},"14":{"loc":{"start":{"line":310,"column":12},"end":{"line":320,"column":null}},"type":"if","locations":[{"start":{"line":310,"column":12},"end":{"line":320,"column":null}},{"start":{"line":310,"column":12},"end":{"line":320,"column":null}}]},"15":{"loc":{"start":{"line":323,"column":12},"end":{"line":333,"column":null}},"type":"if","locations":[{"start":{"line":323,"column":12},"end":{"line":333,"column":null}},{"start":{"line":323,"column":12},"end":{"line":333,"column":null}}]},"16":{"loc":{"start":{"line":385,"column":41},"end":{"line":385,"column":46}},"type":"default-arg","locations":[{"start":{"line":385,"column":41},"end":{"line":385,"column":46}}]},"17":{"loc":{"start":{"line":387,"column":21},"end":{"line":387,"column":41}},"type":"binary-expr","locations":[{"start":{"line":387,"column":21},"end":{"line":387,"column":41}},{"start":{"line":387,"column":45},"end":{"line":390,"column":6}}]},"18":{"loc":{"start":{"line":393,"column":13},"end":{"line":393,"column":33}},"type":"binary-expr","locations":[{"start":{"line":393,"column":13},"end":{"line":393,"column":33}},{"start":{"line":393,"column":37},"end":{"line":393,"column":66}}]},"19":{"loc":{"start":{"line":400,"column":64},"end":{"line":400,"column":103}},"type":"cond-expr","locations":[{"start":{"line":400,"column":64},"end":{"line":400,"column":103}},{"start":{"line":400,"column":106},"end":{"line":400,"column":139}}]},"20":{"loc":{"start":{"line":400,"column":8},"end":{"line":400,"column":18}},"type":"binary-expr","locations":[{"start":{"line":400,"column":8},"end":{"line":400,"column":18}},{"start":{"line":400,"column":22},"end":{"line":400,"column":61}}]},"21":{"loc":{"start":{"line":402,"column":27},"end":{"line":402,"column":33}},"type":"cond-expr","locations":[{"start":{"line":402,"column":27},"end":{"line":402,"column":33}},{"start":{"line":402,"column":36},"end":{"line":402,"column":38}}]}},"s":{"0":0,"1":0,"2":0,"3":0,"4":0,"5":0,"6":0,"7":0,"8":0,"9":0,"10":0,"11":0,"12":0,"13":0,"14":0,"15":0,"16":0,"17":0,"18":0,"19":0,"20":0,"21":0,"22":0,"23":0,"24":0,"25":0,"26":0,"27":0,"28":0,"29":0,"30":0,"31":0,"32":0,"33":0,"34":0,"35":0,"36":0,"37":0,"38":0,"39":0,"40":0,"41":0,"42":0,"43":0,"44":0,"45":0,"46":0,"47":0,"48":0,"49":0,"50":0,"51":0,"52":0,"53":0,"54":0,"55":0,"56":0,"57":0,"58":0,"59":0,"60":0,"61":0,"62":0,"63":0,"64":0,"65":0,"66":0,"67":0,"68":0,"69":0,"70":0,"71":0,"72":0,"73":0,"74":0,"75":0,"76":0,"77":0,"78":0,"79":0,"80":0,"81":0,"82":0,"83":0,"84":0,"85":0,"86":0,"87":0,"88":0,"89":0,"90":0,"91":0,"92":0,"93":0,"94":0,"95":0,"96":0,"97":0,"98":0,"99":0,"100":0,"101":0,"102":0,"103":0,"104":0,"105":0,"106":0,"107":0,"108":0,"109":0,"110":0,"111":0,"112":0,"113":0,"114":0,"115":0,"116":0,"117":0,"118":0,"119":0,"120":0,"121":0},"f":{"0":0,"1":0,"2":0,"3":0,"4":0,"5":0,"6":0,"7":0,"8":0,"9":0,"10":0,"11":0,"12":0,"13":0,"14":0,"15":0,"16":0,"17":0,"18":0,"19":0,"20":0,"21":0,"22":0,"23":0,"24":0,"25":0,"26":0,"27":0},"b":{"0":[0,0],"1":[0,0],"2":[0],"3":[0,0],"4":[0,0],"5":[0,0],"6":[0,0],"7":[0,0],"8":[0,0],"9":[0,0],"10":[0,0],"11":[0,0],"12":[0],"13":[0,0],"14":[0,0],"15":[0,0],"16":[0],"17":[0,0],"18":[0,0],"19":[0,0],"20":[0,0],"21":[0,0]}}
,"/opt/hawaii/workspace/hawaii-packages/packages/oidc-implicit-core/src/utils/stateUtil.ts": {"path":"/opt/hawaii/workspace/hawaii-packages/packages/oidc-implicit-core/src/utils/stateUtil.ts","statementMap":{"0":{"start":{"line":1,"column":0},"end":{"line":1,"column":44}},"1":{"start":{"line":2,"column":0},"end":{"line":2,"column":36}},"2":{"start":{"line":4,"column":0},"end":{"line":4,"column":55}},"3":{"start":{"line":14,"column":24},"end":{"line":14,"column":95}},"4":{"start":{"line":15,"column":4},"end":{"line":15,"column":57}},"5":{"start":{"line":16,"column":4},"end":{"line":16,"column":23}},"6":{"start":{"line":25,"column":4},"end":{"line":25,"column":33}},"7":{"start":{"line":26,"column":4},"end":{"line":26,"column":88}},"8":{"start":{"line":34,"column":4},"end":{"line":34,"column":35}},"9":{"start":{"line":35,"column":4},"end":{"line":35,"column":33}},"10":{"start":{"line":6,"column":0},"end":{"line":6,"column":13}}},"fnMap":{"0":{"name":"(anonymous_1)","decl":{"start":{"line":13,"column":2},"end":{"line":13,"column":8}},"loc":{"start":{"line":13,"column":17},"end":{"line":17,"column":3}}},"1":{"name":"(anonymous_2)","decl":{"start":{"line":24,"column":2},"end":{"line":24,"column":8}},"loc":{"start":{"line":24,"column":31},"end":{"line":27,"column":3}}},"2":{"name":"(anonymous_3)","decl":{"start":{"line":33,"column":2},"end":{"line":33,"column":8}},"loc":{"start":{"line":33,"column":20},"end":{"line":36,"column":3}}}},"branchMap":{},"s":{"0":0,"1":0,"2":0,"3":0,"4":0,"5":0,"6":0,"7":0,"8":0,"9":0,"10":0},"f":{"0":0,"1":0,"2":0},"b":{}}
,"/opt/hawaii/workspace/hawaii-packages/packages/oidc-implicit-core/src/utils/storageUtil.ts": {"path":"/opt/hawaii/workspace/hawaii-packages/packages/oidc-implicit-core/src/utils/storageUtil.ts","statementMap":{"0":{"start":{"line":11,"column":4},"end":{"line":11,"column":44}},"1":{"start":{"line":20,"column":4},"end":{"line":20,"column":44}},"2":{"start":{"line":29,"column":18},"end":{"line":29,"column":41}},"3":{"start":{"line":31,"column":4},"end":{"line":33,"column":59}},"4":{"start":{"line":32,"column":21},"end":{"line":32,"column":36}},"5":{"start":{"line":33,"column":22},"end":{"line":33,"column":57}},"6":{"start":{"line":1,"column":0},"end":{"line":1,"column":13}},"7":{"start":{"line":3,"column":9},"end":{"line":3,"column":34}}},"fnMap":{"0":{"name":"(anonymous_0)","decl":{"start":{"line":10,"column":2},"end":{"line":10,"column":8}},"loc":{"start":{"line":10,"column":25},"end":{"line":12,"column":3}}},"1":{"name":"(anonymous_1)","decl":{"start":{"line":19,"column":2},"end":{"line":19,"column":8}},"loc":{"start":{"line":19,"column":41},"end":{"line":21,"column":3}}},"2":{"name":"(anonymous_2)","decl":{"start":{"line":27,"column":2},"end":{"line":27,"column":8}},"loc":{"start":{"line":27,"column":35},"end":{"line":34,"column":3}}},"3":{"name":"(anonymous_3)","decl":{"start":{"line":32,"column":14},"end":{"line":32,"column":17}},"loc":{"start":{"line":32,"column":21},"end":{"line":32,"column":36}}},"4":{"name":"(anonymous_4)","decl":{"start":{"line":33,"column":15},"end":{"line":33,"column":18}},"loc":{"start":{"line":33,"column":22},"end":{"line":33,"column":57}}}},"branchMap":{},"s":{"0":0,"1":0,"2":0,"3":0,"4":0,"5":0,"6":0,"7":0},"f":{"0":0,"1":0,"2":0,"3":0,"4":0},"b":{}}
,"/opt/hawaii/workspace/hawaii-packages/packages/oidc-implicit-core/src/utils/urlUtil.ts": {"path":"/opt/hawaii/workspace/hawaii-packages/packages/oidc-implicit-core/src/utils/urlUtil.ts","statementMap":{"0":{"start":{"line":12,"column":19},"end":{"line":12,"column":21}},"1":{"start":{"line":13,"column":24},"end":{"line":13,"column":40}},"2":{"start":{"line":14,"column":22},"end":{"line":14,"column":38}},"3":{"start":{"line":18,"column":4},"end":{"line":20,"column":null}},"4":{"start":{"line":19,"column":6},"end":{"line":19,"column":20}},"5":{"start":{"line":22,"column":4},"end":{"line":24,"column":null}},"6":{"start":{"line":23,"column":6},"end":{"line":23,"column":56}},"7":{"start":{"line":26,"column":4},"end":{"line":28,"column":null}},"8":{"start":{"line":27,"column":6},"end":{"line":27,"column":54}},"9":{"start":{"line":30,"column":4},"end":{"line":30,"column":54}},"10":{"start":{"line":32,"column":4},"end":{"line":35,"column":null}},"11":{"start":{"line":33,"column":24},"end":{"line":33,"column":41}},"12":{"start":{"line":34,"column":6},"end":{"line":34,"column":42}},"13":{"start":{"line":37,"column":4},"end":{"line":37,"column":18}},"14":{"start":{"line":46,"column":4},"end":{"line":48,"column":null}},"15":{"start":{"line":47,"column":6},"end":{"line":47,"column":77}},"16":{"start":{"line":49,"column":19},"end":{"line":49,"column":21}},"17":{"start":{"line":50,"column":4},"end":{"line":52,"column":null}},"18":{"start":{"line":51,"column":6},"end":{"line":51,"column":50}},"19":{"start":{"line":53,"column":4},"end":{"line":53,"column":28}},"20":{"start":{"line":65,"column":19},"end":{"line":65,"column":21}},"21":{"start":{"line":68,"column":4},"end":{"line":75,"column":null}},"22":{"start":{"line":69,"column":6},"end":{"line":69,"column":53}},"23":{"start":{"line":71,"column":6},"end":{"line":74,"column":null}},"24":{"start":{"line":72,"column":26},"end":{"line":72,"column":43}},"25":{"start":{"line":73,"column":8},"end":{"line":73,"column":44}},"26":{"start":{"line":77,"column":4},"end":{"line":77,"column":18}},"27":{"start":{"line":84,"column":4},"end":{"line":84,"column":29}},"28":{"start":{"line":4,"column":0},"end":{"line":4,"column":13}}},"fnMap":{"0":{"name":"(anonymous_0)","decl":{"start":{"line":10,"column":2},"end":{"line":10,"column":8}},"loc":{"start":{"line":10,"column":60},"end":{"line":38,"column":3}}},"1":{"name":"(anonymous_1)","decl":{"start":{"line":45,"column":2},"end":{"line":45,"column":8}},"loc":{"start":{"line":45,"column":62},"end":{"line":54,"column":3}}},"2":{"name":"(anonymous_2)","decl":{"start":{"line":63,"column":2},"end":{"line":63,"column":8}},"loc":{"start":{"line":63,"column":56},"end":{"line":78,"column":3}}},"3":{"name":"(anonymous_3)","decl":{"start":{"line":83,"column":10},"end":{"line":83,"column":16}},"loc":{"start":{"line":83,"column":46},"end":{"line":85,"column":3}}}},"branchMap":{"0":{"loc":{"start":{"line":10,"column":40},"end":{"line":10,"column":60}},"type":"default-arg","locations":[{"start":{"line":10,"column":40},"end":{"line":10,"column":60}}]},"1":{"loc":{"start":{"line":18,"column":4},"end":{"line":20,"column":null}},"type":"if","locations":[{"start":{"line":18,"column":4},"end":{"line":20,"column":null}},{"start":{"line":18,"column":4},"end":{"line":20,"column":null}}]},"2":{"loc":{"start":{"line":18,"column":8},"end":{"line":18,"column":26}},"type":"binary-expr","locations":[{"start":{"line":18,"column":8},"end":{"line":18,"column":26}},{"start":{"line":18,"column":30},"end":{"line":18,"column":46}}]},"3":{"loc":{"start":{"line":22,"column":4},"end":{"line":24,"column":null}},"type":"if","locations":[{"start":{"line":22,"column":4},"end":{"line":24,"column":null}},{"start":{"line":22,"column":4},"end":{"line":24,"column":null}}]},"4":{"loc":{"start":{"line":26,"column":4},"end":{"line":28,"column":null}},"type":"if","locations":[{"start":{"line":26,"column":4},"end":{"line":28,"column":null}},{"start":{"line":26,"column":4},"end":{"line":28,"column":null}}]},"5":{"loc":{"start":{"line":46,"column":4},"end":{"line":48,"column":null}},"type":"if","locations":[{"start":{"line":46,"column":4},"end":{"line":48,"column":null}},{"start":{"line":46,"column":4},"end":{"line":48,"column":null}}]},"6":{"loc":{"start":{"line":68,"column":4},"end":{"line":75,"column":null}},"type":"if","locations":[{"start":{"line":68,"column":4},"end":{"line":75,"column":null}},{"start":{"line":68,"column":4},"end":{"line":75,"column":null}}]}},"s":{"0":0,"1":0,"2":0,"3":0,"4":0,"5":0,"6":0,"7":0,"8":0,"9":0,"10":0,"11":0,"12":0,"13":0,"14":0,"15":0,"16":0,"17":0,"18":0,"19":0,"20":0,"21":0,"22":0,"23":0,"24":0,"25":0,"26":0,"27":0,"28":0},"f":{"0":0,"1":0,"2":0,"3":0},"b":{"0":[0],"1":[0,0],"2":[0,0],"3":[0,0],"4":[0,0],"5":[0,0],"6":[0,0]}}
}
